<KEYWORD,void>    <,&&>    <&>    
<ID,void2>    <.>    <ID,k>    
<OPERATOR,=>    <">    <ID,sa1313sd>    
<_>    <ID,a>    <$>    
<ID,sda>    <%>    <ID,sd>    
<">    <BASICTYPE,int>    <KEYWORD,main>    
<DELIMITER,(>    <DELIMITER,)>    <DELIMITER,{>    
<BASICTYPE,int>    <ID,k>    <OPERATOR,=>    
<NUMBER,11111>    <DELIMITER,;>    <'>    
<BASICTYPE,int>    <'>    <BASICTYPE,float>    
<NUMBER,3>    <DELIMITER,;>    <KEYWORD,do>    
<DELIMITER,{>    <ID,xyx>    <DELIMITER,;>    
<DELIMITER,}>    <KEYWORD,while>    <DELIMITER,(>    
<ID,zz>    <OPERATOR,<>    <ID,z>    
<DELIMITER,)>    <DELIMITER,;>    <KEYWORD,for>    
<DELIMITER,(>    <DELIMITER,;>    <ID,i>    
<OPERATOR,>=>    <ID,j>    <DELIMITER,;>    
<ID,i>    <OPERATOR,=>    <ID,j>    
<DELIMITER,)>    <ID,test>    <DELIMITER,;>    
<ID,x>    <OPERATOR,=>    <ID,y>    
<OPERATOR,*>    <ID,x>    <OPERATOR,/>    
<ID,e>    <OPERATOR,+>    <ID,d>    
<OPERATOR,->    <ID,f>    <DELIMITER,;>    
<ID,place>    <BOOLVALUE,true>    <DELIMITER,;>    
<ID,falsei>    <DELIMITER,;>    <ID,getchar>    
<DELIMITER,(>    <DELIMITER,)>    <DELIMITER,;>    
<NUMBER,34>    <DELIMITER,;>    <REAL,44.6>    
<DELIMITER,;>    <REAL,55.67>    <ID,return>    
<NUMBER,0>    <DELIMITER,;>    <DELIMITER,}>    
<KEYWORD,void>    <ID,place>    <DELIMITER,(>    
<BASICTYPE,int>    <ID,i>    <DELIMITER,)>    
<DELIMITER,{>    <BASICTYPE,int>    <ID,j>    
<,>    <ID,k>    <DELIMITER,;>    
<DELIMITER,}>    <REAL,55.88>    <￿>    
